=========================================
boot completed
Sun Apr 28 16:11:47 CST 2019
PON_PON_REASON1 - 0808: 21
PON_POFF_REASON1 - 080c: 02
PON_POFF_REASON2 - 080d: 00
=========================================
=========================================
boot completed
Sun Apr 28 16:10:49 CST 2019
PON_PON_REASON1 - 0808: 20
PON_POFF_REASON1 - 080c: 00
PON_POFF_REASON2 - 080d: 00
=========================================
=========================================
boot completed
Sun Apr 28 16:10:49 CST 2019
PON_PON_REASON1 - 0808: 22
PON_POFF_REASON1 - 080c: 00
PON_POFF_REASON2 - 080d: 20
=========================================
